# Logfile created on 2013-12-30 19:12:48 -0500 by logger.rb/44203
I, [2013-12-30T19:12:48.910639 #48263]  INFO -- : 0:  rake (0.9.2.2) from /Users/ashabarro/.rvm/gems/ruby-2.1.0/specifications/rake-0.9.2.2.gemspec
I, [2013-12-30T19:12:48.924321 #48263]  INFO -- : 0:  multi_json (1.0.4) from /Users/ashabarro/.rvm/gems/ruby-2.1.0/specifications/multi_json-1.0.4.gemspec
I, [2013-12-30T19:12:48.924743 #48263]  INFO -- : 0:  activesupport (3.1.3) from /Users/ashabarro/.rvm/gems/ruby-2.1.0/specifications/activesupport-3.1.3.gemspec
I, [2013-12-30T19:12:48.925084 #48263]  INFO -- : 0:  builder (3.0.0) from /Users/ashabarro/.rvm/gems/ruby-2.1.0/specifications/builder-3.0.0.gemspec
I, [2013-12-30T19:12:48.925450 #48263]  INFO -- : 0:  i18n (0.6.0) from /Users/ashabarro/.rvm/gems/ruby-2.1.0/specifications/i18n-0.6.0.gemspec
I, [2013-12-30T19:12:48.925787 #48263]  INFO -- : 0:  activemodel (3.1.3) from /Users/ashabarro/.rvm/gems/ruby-2.1.0/specifications/activemodel-3.1.3.gemspec
I, [2013-12-30T19:12:48.926095 #48263]  INFO -- : 0:  erubis (2.7.0) from /Users/ashabarro/.rvm/gems/ruby-2.1.0@global/specifications/erubis-2.7.0.gemspec
I, [2013-12-30T19:12:48.926381 #48263]  INFO -- : 0:  rack (1.3.6) from /Users/ashabarro/.rvm/gems/ruby-2.1.0/specifications/rack-1.3.6.gemspec
I, [2013-12-30T19:12:48.926652 #48263]  INFO -- : 0:  rack-cache (1.1) from /Users/ashabarro/.rvm/gems/ruby-2.1.0/specifications/rack-cache-1.1.gemspec
I, [2013-12-30T19:12:48.926999 #48263]  INFO -- : 0:  rack-mount (0.8.3) from /Users/ashabarro/.rvm/gems/ruby-2.1.0/specifications/rack-mount-0.8.3.gemspec
I, [2013-12-30T19:12:48.927290 #48263]  INFO -- : 0:  rack-test (0.6.1) from /Users/ashabarro/.rvm/gems/ruby-2.1.0/specifications/rack-test-0.6.1.gemspec
I, [2013-12-30T19:12:48.927571 #48263]  INFO -- : 0:  hike (1.2.1) from /Users/ashabarro/.rvm/gems/ruby-2.1.0/specifications/hike-1.2.1.gemspec
I, [2013-12-30T19:12:48.927860 #48263]  INFO -- : 0:  tilt (1.3.3) from /Users/ashabarro/.rvm/gems/ruby-2.1.0/specifications/tilt-1.3.3.gemspec
I, [2013-12-30T19:12:48.928161 #48263]  INFO -- : 0:  sprockets (2.0.3) from /Users/ashabarro/.rvm/gems/ruby-2.1.0/specifications/sprockets-2.0.3.gemspec
I, [2013-12-30T19:12:48.928463 #48263]  INFO -- : 0:  actionpack (3.1.3) from /Users/ashabarro/.rvm/gems/ruby-2.1.0/specifications/actionpack-3.1.3.gemspec
I, [2013-12-30T19:12:48.928760 #48263]  INFO -- : 0:  mime-types (1.17.2) from /Users/ashabarro/.rvm/gems/ruby-2.1.0/specifications/mime-types-1.17.2.gemspec
I, [2013-12-30T19:12:48.929039 #48263]  INFO -- : 0:  polyglot (0.3.3) from /Users/ashabarro/.rvm/gems/ruby-2.1.0@global/specifications/polyglot-0.3.3.gemspec
I, [2013-12-30T19:12:48.929348 #48263]  INFO -- : 0:  treetop (1.4.10) from /Users/ashabarro/.rvm/gems/ruby-2.1.0/specifications/treetop-1.4.10.gemspec
I, [2013-12-30T19:12:48.929650 #48263]  INFO -- : 0:  mail (2.3.0) from /Users/ashabarro/.rvm/gems/ruby-2.1.0/specifications/mail-2.3.0.gemspec
I, [2013-12-30T19:12:48.929935 #48263]  INFO -- : 0:  actionmailer (3.1.3) from /Users/ashabarro/.rvm/gems/ruby-2.1.0/specifications/actionmailer-3.1.3.gemspec
I, [2013-12-30T19:12:48.930214 #48263]  INFO -- : 0:  arel (2.2.1) from /Users/ashabarro/.rvm/gems/ruby-2.1.0/specifications/arel-2.2.1.gemspec
I, [2013-12-30T19:12:48.930490 #48263]  INFO -- : 0:  tzinfo (0.3.31) from /Users/ashabarro/.rvm/gems/ruby-2.1.0/specifications/tzinfo-0.3.31.gemspec
I, [2013-12-30T19:12:48.930787 #48263]  INFO -- : 0:  activerecord (3.1.3) from /Users/ashabarro/.rvm/gems/ruby-2.1.0/specifications/activerecord-3.1.3.gemspec
I, [2013-12-30T19:12:48.931057 #48263]  INFO -- : 0:  activeresource (3.1.3) from /Users/ashabarro/.rvm/gems/ruby-2.1.0/specifications/activeresource-3.1.3.gemspec
I, [2013-12-30T19:12:48.931318 #48263]  INFO -- : 0:  bundler (1.5.1) from /Users/ashabarro/.rvm/gems/ruby-2.1.0/specifications/bundler-1.5.1.gemspec
I, [2013-12-30T19:12:48.931592 #48263]  INFO -- : 0:  rack-ssl (1.3.2) from /Users/ashabarro/.rvm/gems/ruby-2.1.0/specifications/rack-ssl-1.3.2.gemspec
I, [2013-12-30T19:12:48.931877 #48263]  INFO -- : 0:  json (1.6.4) from /Users/ashabarro/.rvm/gems/ruby-2.1.0/specifications/json-1.6.4.gemspec
I, [2013-12-30T19:12:48.932193 #48263]  INFO -- : 0:  rdoc (3.12) from /Users/ashabarro/.rvm/gems/ruby-2.1.0/specifications/rdoc-3.12.gemspec
I, [2013-12-30T19:12:48.932467 #48263]  INFO -- : 0:  thor (0.14.6) from /Users/ashabarro/.rvm/gems/ruby-2.1.0/specifications/thor-0.14.6.gemspec
I, [2013-12-30T19:12:48.932756 #48263]  INFO -- : 0:  railties (3.1.3) from /Users/ashabarro/.rvm/gems/ruby-2.1.0/specifications/railties-3.1.3.gemspec
I, [2013-12-30T19:12:48.933041 #48263]  INFO -- : 0:  rails (3.1.3) from /Users/ashabarro/.rvm/gems/ruby-2.1.0/specifications/rails-3.1.3.gemspec
I, [2013-12-30T19:12:48.933324 #48263]  INFO -- : 0:  active_scaffold (3.1.13) from /Users/ashabarro/.rvm/gems/ruby-2.1.0/specifications/active_scaffold-3.1.13.gemspec
I, [2013-12-30T19:12:48.933618 #48263]  INFO -- : 0:  addressable (2.2.6) from /Users/ashabarro/.rvm/gems/ruby-2.1.0/specifications/addressable-2.2.6.gemspec
I, [2013-12-30T19:12:48.933901 #48263]  INFO -- : 0:  yamler (0.1.0) from /Users/ashabarro/.rvm/gems/ruby-2.1.0/specifications/yamler-0.1.0.gemspec
I, [2013-12-30T19:12:48.934181 #48263]  INFO -- : 0:  configatron (2.9.0) from /Users/ashabarro/.rvm/gems/ruby-2.1.0/specifications/configatron-2.9.0.gemspec
I, [2013-12-30T19:12:49.129297 #48263]  INFO -- : 0:  apn_on_rails (0.3.1rails3) from /Users/ashabarro/.rvm/gems/ruby-2.1.0/bundler/gems/apn_on_rails-18f5d37397e3/apn_on_rails.gemspec
I, [2013-12-30T19:12:49.130032 #48263]  INFO -- : 0:  bcrypt-ruby (3.0.1) from /Users/ashabarro/.rvm/gems/ruby-2.1.0/specifications/bcrypt-ruby-3.0.1.gemspec
I, [2013-12-30T19:12:49.130602 #48263]  INFO -- : 0:  blueprint-rails (0.1.2) from /Users/ashabarro/.rvm/gems/ruby-2.1.0/specifications/blueprint-rails-0.1.2.gemspec
I, [2013-12-30T19:12:49.131153 #48263]  INFO -- : 0:  sass (3.1.12) from /Users/ashabarro/.rvm/gems/ruby-2.1.0/specifications/sass-3.1.12.gemspec
I, [2013-12-30T19:12:49.131720 #48263]  INFO -- : 0:  bourbon (1.2.0) from /Users/ashabarro/.rvm/gems/ruby-2.1.0/specifications/bourbon-1.2.0.gemspec
I, [2013-12-30T19:12:49.132240 #48263]  INFO -- : 0:  highline (1.6.9) from /Users/ashabarro/.rvm/gems/ruby-2.1.0/specifications/highline-1.6.9.gemspec
I, [2013-12-30T19:12:49.132786 #48263]  INFO -- : 0:  net-ssh (2.2.1) from /Users/ashabarro/.rvm/gems/ruby-2.1.0/specifications/net-ssh-2.2.1.gemspec
I, [2013-12-30T19:12:49.133280 #48263]  INFO -- : 0:  net-scp (1.0.4) from /Users/ashabarro/.rvm/gems/ruby-2.1.0/specifications/net-scp-1.0.4.gemspec
I, [2013-12-30T19:12:49.133707 #48263]  INFO -- : 0:  net-sftp (2.0.5) from /Users/ashabarro/.rvm/gems/ruby-2.1.0/specifications/net-sftp-2.0.5.gemspec
I, [2013-12-30T19:12:49.134128 #48263]  INFO -- : 0:  net-ssh-gateway (1.1.0) from /Users/ashabarro/.rvm/gems/ruby-2.1.0/specifications/net-ssh-gateway-1.1.0.gemspec
I, [2013-12-30T19:12:49.134563 #48263]  INFO -- : 0:  capistrano (2.9.0) from /Users/ashabarro/.rvm/gems/ruby-2.1.0/specifications/capistrano-2.9.0.gemspec
I, [2013-12-30T19:12:49.135055 #48263]  INFO -- : 0:  chronic (0.6.6) from /Users/ashabarro/.rvm/gems/ruby-2.1.0/specifications/chronic-0.6.6.gemspec
I, [2013-12-30T19:12:49.135480 #48263]  INFO -- : 0:  chunky_png (1.2.5) from /Users/ashabarro/.rvm/gems/ruby-2.1.0/specifications/chunky_png-1.2.5.gemspec
I, [2013-12-30T19:12:49.135926 #48263]  INFO -- : 0:  climate_control (0.0.3) from /Users/ashabarro/.rvm/gems/ruby-2.1.0/specifications/climate_control-0.0.3.gemspec
I, [2013-12-30T19:12:49.136374 #48263]  INFO -- : 0:  cocaine (0.5.3) from /Users/ashabarro/.rvm/gems/ruby-2.1.0/specifications/cocaine-0.5.3.gemspec
I, [2013-12-30T19:12:49.136851 #48263]  INFO -- : 0:  coffee-script-source (1.2.0) from /Users/ashabarro/.rvm/gems/ruby-2.1.0/specifications/coffee-script-source-1.2.0.gemspec
I, [2013-12-30T19:12:49.137393 #48263]  INFO -- : 0:  execjs (1.2.13) from /Users/ashabarro/.rvm/gems/ruby-2.1.0/specifications/execjs-1.2.13.gemspec
I, [2013-12-30T19:12:49.137887 #48263]  INFO -- : 0:  coffee-script (2.2.0) from /Users/ashabarro/.rvm/gems/ruby-2.1.0/specifications/coffee-script-2.2.0.gemspec
I, [2013-12-30T19:12:49.138434 #48263]  INFO -- : 0:  coffee-rails (3.1.1) from /Users/ashabarro/.rvm/gems/ruby-2.1.0/specifications/coffee-rails-3.1.1.gemspec
I, [2013-12-30T19:12:49.138906 #48263]  INFO -- : 0:  delayed_job (3.0.0) from /Users/ashabarro/.rvm/gems/ruby-2.1.0/specifications/delayed_job-3.0.0.gemspec
I, [2013-12-30T19:12:49.139369 #48263]  INFO -- : 0:  orm_adapter (0.0.5) from /Users/ashabarro/.rvm/gems/ruby-2.1.0/specifications/orm_adapter-0.0.5.gemspec
I, [2013-12-30T19:12:49.139894 #48263]  INFO -- : 0:  warden (1.1.0) from /Users/ashabarro/.rvm/gems/ruby-2.1.0/specifications/warden-1.1.0.gemspec
I, [2013-12-30T19:12:49.140299 #48263]  INFO -- : 0:  devise (1.5.3) from /Users/ashabarro/.rvm/gems/ruby-2.1.0/specifications/devise-1.5.3.gemspec
I, [2013-12-30T19:12:49.168138 #48263]  INFO -- : 0:  exception_notification (1.0.0) from /Users/ashabarro/.rvm/gems/ruby-2.1.0/bundler/gems/exception_notification-192a49a02d63/exception_notification.gemspec
I, [2013-12-30T19:12:49.168525 #48263]  INFO -- : 0:  factory_girl (2.3.2) from /Users/ashabarro/.rvm/gems/ruby-2.1.0/specifications/factory_girl-2.3.2.gemspec
I, [2013-12-30T19:12:49.168832 #48263]  INFO -- : 0:  factory_girl_rails (1.4.0) from /Users/ashabarro/.rvm/gems/ruby-2.1.0/specifications/factory_girl_rails-1.4.0.gemspec
I, [2013-12-30T19:12:49.169223 #48263]  INFO -- : 0:  haml (3.1.4) from /Users/ashabarro/.rvm/gems/ruby-2.1.0/specifications/haml-3.1.4.gemspec
I, [2013-12-30T19:12:49.169641 #48263]  INFO -- : 0:  iban-tools (0.0.6) from /Users/ashabarro/.rvm/gems/ruby-2.1.0/specifications/iban-tools-0.0.6.gemspec
I, [2013-12-30T19:12:49.169982 #48263]  INFO -- : 0:  jquery-rails (1.0.19) from /Users/ashabarro/.rvm/gems/ruby-2.1.0/specifications/jquery-rails-1.0.19.gemspec
I, [2013-12-30T19:12:49.170435 #48263]  INFO -- : 0:  libv8 (3.3.10.4) from /Users/ashabarro/.rvm/gems/ruby-2.1.0/specifications/libv8-3.3.10.4-x86_64-darwin-11.gemspec
I, [2013-12-30T19:12:49.170753 #48263]  INFO -- : 0:  metaclass (0.0.1) from /Users/ashabarro/.rvm/gems/ruby-2.1.0/specifications/metaclass-0.0.1.gemspec
I, [2013-12-30T19:12:49.171043 #48263]  INFO -- : 0:  mocha (0.10.0) from /Users/ashabarro/.rvm/gems/ruby-2.1.0/specifications/mocha-0.10.0.gemspec
I, [2013-12-30T19:12:49.171411 #48263]  INFO -- : 0:  mysql2 (0.3.11) from /Users/ashabarro/.rvm/gems/ruby-2.1.0/specifications/mysql2-0.3.11.gemspec
I, [2013-12-30T19:12:49.171706 #48263]  INFO -- : 0:  paperclip (3.5.2) from /Users/ashabarro/.rvm/gems/ruby-2.1.0/specifications/paperclip-3.5.2.gemspec
I, [2013-12-30T19:12:49.172048 #48263]  INFO -- : 0:  qrencoder (1.4.0) from /Users/ashabarro/.rvm/gems/ruby-2.1.0/specifications/qrencoder-1.4.0.gemspec
I, [2013-12-30T19:12:49.731441 #48263]  INFO -- : 0:  recaptcha (0.3.4) from /Users/ashabarro/.rvm/gems/ruby-2.1.0/specifications/recaptcha-0.3.4.gemspec
I, [2013-12-30T19:12:51.032808 #48263]  INFO -- : 0:  rotp (1.3.2) from /Users/ashabarro/.rvm/gems/ruby-2.1.0/specifications/rotp-1.3.2.gemspec
I, [2013-12-30T19:12:51.633795 #48263]  INFO -- : 0:  sass-rails (3.1.5) from /Users/ashabarro/.rvm/gems/ruby-2.1.0/specifications/sass-rails-3.1.5.gemspec
I, [2013-12-30T19:12:57.568432 #48263]  INFO -- : 0:  therubyracer (0.9.9) from /Users/ashabarro/.rvm/gems/ruby-2.1.0/specifications/therubyracer-0.9.9.gemspec
I, [2013-12-30T19:12:58.560979 #48263]  INFO -- : 0:  transitions (0.0.13) from /Users/ashabarro/.rvm/gems/ruby-2.1.0/specifications/transitions-0.0.13.gemspec
I, [2013-12-30T19:12:58.926158 #48263]  INFO -- : 0:  uglifier (1.2.1) from /Users/ashabarro/.rvm/gems/ruby-2.1.0/specifications/uglifier-1.2.1.gemspec
I, [2013-12-30T19:12:59.979317 #48263]  INFO -- : 0:  whenever (0.7.2) from /Users/ashabarro/.rvm/gems/ruby-2.1.0/specifications/whenever-0.7.2.gemspec
I, [2013-12-30T19:13:01.249714 #48263]  INFO -- : 0:  will_paginate (3.0.2) from /Users/ashabarro/.rvm/gems/ruby-2.1.0/specifications/will_paginate-3.0.2.gemspec
